
Tstr= 0.000    T_end=100.000   dt_cal= 0.005  dt_out= 0.010 
beta= 0.250    gamma= 0.500


Num_story  =  22     Num_bay  =   5    Num_MRF  =   2 
Num_node   = 138     Num_DOF  = 414    Num_free = 396 
Num_act    = 291     Num_mst  =  21    Num_slv  =   5 
Band_width =  22     Num_memb = 242    Num_plast= 237 

  1   7   1   1  3.66e+000  8.90e+015  1.34e+010  2.50e+008  2.26e+008  7.49e+006   0.013    0.013    0.0000  -1.0000
  2   8   2   1  3.66e+000  8.90e+015  1.27e+010  9.90e+008  8.96e+008  2.97e+007   0.006    0.007    0.0000  -1.0000
  3   9   2   1  3.66e+000  8.90e+015  1.27e+010  9.90e+008  8.96e+008  2.97e+007   0.006    0.007    0.0000  -1.0000
  4  10   2   1  3.66e+000  8.90e+015  1.27e+010  9.90e+008  8.96e+008  2.97e+007   0.006    0.007    0.0000  -1.0000
  5  11   2   1  3.66e+000  8.90e+015  1.27e+010  9.90e+008  8.96e+008  2.97e+007   0.006    0.007    0.0000  -1.0000
  6  12   1   1  3.66e+000  8.90e+015  1.34e+010  2.50e+008  2.26e+008  7.49e+006   0.013    0.013    0.0000  -1.0000
  7  13   1   1  3.66e+000  8.90e+015  1.34e+010  2.50e+008  2.26e+008  7.49e+006   0.013    0.013    0.0000  -1.0000
  8  14   2   1  3.66e+000  8.90e+015  1.27e+010  9.90e+008  8.96e+008  2.97e+007   0.006    0.007    0.0000  -1.0000
  9  15   2   1  3.66e+000  8.90e+015  1.27e+010  9.90e+008  8.96e+008  2.97e+007   0.006    0.007    0.0000  -1.0000
 10  16   2   1  3.66e+000  8.90e+015  1.27e+010  9.90e+008  8.96e+008  2.97e+007   0.006    0.007    0.0000  -1.0000
 11  17   2   1  3.66e+000  8.90e+015  1.27e+010  9.90e+008  8.96e+008  2.97e+007   0.006    0.007    0.0000  -1.0000
 12  18   1   1  3.66e+000  8.90e+015  1.34e+010  2.50e+008  2.26e+008  7.49e+006   0.013    0.013    0.0000  -1.0000
 13  19   1   1  5.49e+000  8.90e+015  1.34e+010  2.50e+008  2.26e+008  7.49e+006   0.013    0.013    0.0000  -1.0000
 14  20   2   1  5.49e+000  8.90e+015  1.27e+010  9.90e+008  8.96e+008  2.97e+007   0.006    0.007    0.0000  -1.0000
 15  21   2   1  5.49e+000  8.90e+015  1.27e+010  9.90e+008  8.96e+008  2.97e+007   0.006    0.007    0.0000  -1.0000
 16  22   2   1  5.49e+000  8.90e+015  1.27e+010  9.90e+008  8.96e+008  2.97e+007   0.006    0.007    0.0000  -1.0000
 17  23   2   1  5.49e+000  8.90e+015  1.27e+010  9.90e+008  8.96e+008  2.97e+007   0.006    0.007    0.0000  -1.0000
 18  24   1   1  5.49e+000  8.90e+015  1.34e+010  2.50e+008  2.26e+008  7.49e+006   0.013    0.013    0.0000  -1.0000
 19  25  17   1  3.96e+000  8.90e+015  1.10e+010  2.13e+008  1.93e+008  6.39e+006   0.012    0.013    0.0000  -1.0000
 20  26   2   1  3.96e+000  8.90e+015  1.27e+010  9.90e+008  8.96e+008  2.97e+007   0.006    0.007    0.0000  -1.0000
 21  27   2   1  3.96e+000  8.90e+015  1.27e+010  9.90e+008  8.96e+008  2.97e+007   0.006    0.007    0.0000  -1.0000
 22  28   2   1  3.96e+000  8.90e+015  1.27e+010  9.90e+008  8.96e+008  2.97e+007   0.006    0.007    0.0000  -1.0000
 23  29   2   1  3.96e+000  8.90e+015  1.27e+010  9.90e+008  8.96e+008  2.97e+007   0.006    0.007    0.0000  -1.0000
 24  30  17   1  3.96e+000  8.90e+015  1.10e+010  2.13e+008  1.93e+008  6.39e+006   0.012    0.013    0.0000  -1.0000
 25  31   3   1  3.96e+000  8.90e+015  8.87e+009  1.82e+008  1.65e+008  5.45e+006   0.012    0.013    0.0000  -1.0000
 26  32   2   1  3.96e+000  8.90e+015  1.27e+010  9.90e+008  8.96e+008  2.97e+007   0.006    0.007    0.0000  -1.0000
 27  33   2   1  3.96e+000  8.90e+015  1.27e+010  9.90e+008  8.96e+008  2.97e+007   0.006    0.007    0.0000  -1.0000
 28  34   2   1  3.96e+000  8.90e+015  1.27e+010  9.90e+008  8.96e+008  2.97e+007   0.006    0.007    0.0000  -1.0000
 29  35   2   1  3.96e+000  8.90e+015  1.27e+010  9.90e+008  8.96e+008  2.97e+007   0.006    0.007    0.0000  -1.0000
 30  36   3   1  3.96e+000  8.90e+015  8.87e+009  1.82e+008  1.65e+008  5.45e+006   0.012    0.013    0.0000  -1.0000
 31  37   3   1  3.96e+000  8.90e+015  8.87e+009  1.82e+008  1.65e+008  5.45e+006   0.012    0.013    0.0000  -1.0000
 32  38   2   1  3.96e+000  8.90e+015  1.27e+010  9.90e+008  8.96e+008  2.97e+007   0.006    0.007    0.0000  -1.0000
 33  39   2   1  3.96e+000  8.90e+015  1.27e+010  9.90e+008  8.96e+008  2.97e+007   0.006    0.007    0.0000  -1.0000
 34  40   2   1  3.96e+000  8.90e+015  1.27e+010  9.90e+008  8.96e+008  2.97e+007   0.006    0.007    0.0000  -1.0000
 35  41   2   1  3.96e+000  8.90e+015  1.27e+010  9.90e+008  8.96e+008  2.97e+007   0.006    0.007    0.0000  -1.0000
 36  42   3   1  3.96e+000  8.90e+015  8.87e+009  1.82e+008  1.65e+008  5.45e+006   0.012    0.013    0.0000  -1.0000
 37  43  18   1  3.96e+000  8.90e+015  7.98e+009  1.66e+008  1.50e+008  4.99e+006   0.012    0.013    0.0000  -1.0000
 38  44  19   1  3.96e+000  8.90e+015  1.05e+010  8.00e+008  7.24e+008  2.40e+007   0.006    0.007    0.0000  -1.0000
 39  45  19   1  3.96e+000  8.90e+015  1.05e+010  8.00e+008  7.24e+008  2.40e+007   0.006    0.007    0.0000  -1.0000
 40  46  19   1  3.96e+000  8.90e+015  1.05e+010  8.00e+008  7.24e+008  2.40e+007   0.006    0.007    0.0000  -1.0000
 41  47  19   1  3.96e+000  8.90e+015  1.05e+010  8.00e+008  7.24e+008  2.40e+007   0.006    0.007    0.0000  -1.0000
 42  48  18   1  3.96e+000  8.90e+015  7.98e+009  1.66e+008  1.50e+008  4.99e+006   0.012    0.013    0.0000  -1.0000
 43  49   4   1  3.96e+000  8.90e+015  7.22e+009  1.53e+008  1.38e+008  4.59e+006   0.012    0.013    0.0000  -1.0000
 44  50   5   1  3.96e+000  8.90e+015  8.67e+009  6.37e+008  5.76e+008  1.91e+007   0.007    0.007    0.0000  -1.0000
 45  51   5   1  3.96e+000  8.90e+015  8.67e+009  6.37e+008  5.76e+008  1.91e+007   0.007    0.007    0.0000  -1.0000
 46  52   5   1  3.96e+000  8.90e+015  8.67e+009  6.37e+008  5.76e+008  1.91e+007   0.007    0.007    0.0000  -1.0000
 47  53   5   1  3.96e+000  8.90e+015  8.67e+009  6.37e+008  5.76e+008  1.91e+007   0.007    0.007    0.0000  -1.0000
 48  54   4   1  3.96e+000  8.90e+015  7.22e+009  1.53e+008  1.38e+008  4.59e+006   0.012    0.013    0.0000  -1.0000
 49  55   4   1  3.96e+000  8.90e+015  7.22e+009  1.53e+008  1.38e+008  4.59e+006   0.012    0.013    0.0000  -1.0000
 50  56   5   1  3.96e+000  8.90e+015  8.67e+009  6.37e+008  5.76e+008  1.91e+007   0.007    0.007    0.0000  -1.0000
 51  57   5   1  3.96e+000  8.90e+015  8.67e+009  6.37e+008  5.76e+008  1.91e+007   0.007    0.007    0.0000  -1.0000
 52  58   5   1  3.96e+000  8.90e+015  8.67e+009  6.37e+008  5.76e+008  1.91e+007   0.007    0.007    0.0000  -1.0000
 53  59   5   1  3.96e+000  8.90e+015  8.67e+009  6.37e+008  5.76e+008  1.91e+007   0.007    0.007    0.0000  -1.0000
 54  60   4   1  3.96e+000  8.90e+015  7.22e+009  1.53e+008  1.38e+008  4.59e+006   0.012    0.013    0.0000  -1.0000
 55  61   4   1  3.96e+000  8.90e+015  7.22e+009  1.53e+008  1.38e+008  4.59e+006   0.012    0.013    0.0000  -1.0000
 56  62   5   1  3.96e+000  8.90e+015  8.67e+009  6.37e+008  5.76e+008  1.91e+007   0.007    0.007    0.0000  -1.0000
 57  63   5   1  3.96e+000  8.90e+015  8.67e+009  6.37e+008  5.76e+008  1.91e+007   0.007    0.007    0.0000  -1.0000
 58  64   5   1  3.96e+000  8.90e+015  8.67e+009  6.37e+008  5.76e+008  1.91e+007   0.007    0.007    0.0000  -1.0000
 59  65   5   1  3.96e+000  8.90e+015  8.67e+009  6.37e+008  5.76e+008  1.91e+007   0.007    0.007    0.0000  -1.0000
 60  66   4   1  3.96e+000  8.90e+015  7.22e+009  1.53e+008  1.38e+008  4.59e+006   0.012    0.013    0.0000  -1.0000
 61  67   4   1  3.96e+000  8.90e+015  7.22e+009  1.53e+008  1.38e+008  4.59e+006   0.012    0.013    0.0000  -1.0000
 62  68   5   1  3.96e+000  8.90e+015  8.67e+009  6.37e+008  5.76e+008  1.91e+007   0.007    0.007    0.0000  -1.0000
 63  69   5   1  3.96e+000  8.90e+015  8.67e+009  6.37e+008  5.76e+008  1.91e+007   0.007    0.007    0.0000  -1.0000
 64  70   5   1  3.96e+000  8.90e+015  8.67e+009  6.37e+008  5.76e+008  1.91e+007   0.007    0.007    0.0000  -1.0000
 65  71   5   1  3.96e+000  8.90e+015  8.67e+009  6.37e+008  5.76e+008  1.91e+007   0.007    0.007    0.0000  -1.0000
 66  72   4   1  3.96e+000  8.90e+015  7.22e+009  1.53e+008  1.38e+008  4.59e+006   0.012    0.013    0.0000  -1.0000
 67  73   4   1  3.96e+000  8.90e+015  7.22e+009  1.53e+008  1.38e+008  4.59e+006   0.012    0.013    0.0000  -1.0000
 68  74   5   1  3.96e+000  8.90e+015  8.67e+009  6.37e+008  5.76e+008  1.91e+007   0.007    0.007    0.0000  -1.0000
 69  75   5   1  3.96e+000  8.90e+015  8.67e+009  6.37e+008  5.76e+008  1.91e+007   0.007    0.007    0.0000  -1.0000
 70  76   5   1  3.96e+000  8.90e+015  8.67e+009  6.37e+008  5.76e+008  1.91e+007   0.007    0.007    0.0000  -1.0000
 71  77   5   1  3.96e+000  8.90e+015  8.67e+009  6.37e+008  5.76e+008  1.91e+007   0.007    0.007    0.0000  -1.0000
 72  78   4   1  3.96e+000  8.90e+015  7.22e+009  1.53e+008  1.38e+008  4.59e+006   0.012    0.013    0.0000  -1.0000
 73  79   4   1  3.96e+000  8.90e+015  7.22e+009  1.53e+008  1.38e+008  4.59e+006   0.012    0.013    0.0000  -1.0000
 74  80  20   1  3.96e+000  8.90e+015  7.91e+009  5.74e+008  5.20e+008  1.72e+007   0.007    0.007    0.0000  -1.0000
 75  81  20   1  3.96e+000  8.90e+015  7.91e+009  5.74e+008  5.20e+008  1.72e+007   0.007    0.007    0.0000  -1.0000
 76  82  20   1  3.96e+000  8.90e+015  7.91e+009  5.74e+008  5.20e+008  1.72e+007   0.007    0.007    0.0000  -1.0000
 77  83  20   1  3.96e+000  8.90e+015  7.91e+009  5.74e+008  5.20e+008  1.72e+007   0.007    0.007    0.0000  -1.0000
 78  84   4   1  3.96e+000  8.90e+015  7.22e+009  1.53e+008  1.38e+008  4.59e+006   0.012    0.013    0.0000  -1.0000
 79  85   4   1  3.96e+000  8.90e+015  7.22e+009  1.53e+008  1.38e+008  4.59e+006   0.012    0.013    0.0000  -1.0000
 80  86   6   1  3.96e+000  8.90e+015  7.26e+009  5.21e+008  4.71e+008  1.56e+007   0.007    0.007    0.0000  -1.0000
 81  87   6   1  3.96e+000  8.90e+015  7.26e+009  5.21e+008  4.71e+008  1.56e+007   0.007    0.007    0.0000  -1.0000
 82  88   6   1  3.96e+000  8.90e+015  7.26e+009  5.21e+008  4.71e+008  1.56e+007   0.007    0.007    0.0000  -1.0000
 83  89   6   1  3.96e+000  8.90e+015  7.26e+009  5.21e+008  4.71e+008  1.56e+007   0.007    0.007    0.0000  -1.0000
 84  90   4   1  3.96e+000  8.90e+015  7.22e+009  1.53e+008  1.38e+008  4.59e+006   0.012    0.013    0.0000  -1.0000
 85  91   4   1  3.96e+000  8.90e+015  7.22e+009  1.53e+008  1.38e+008  4.59e+006   0.012    0.013    0.0000  -1.0000
 86  92   6   1  3.96e+000  8.90e+015  7.26e+009  5.21e+008  4.71e+008  1.56e+007   0.007    0.007    0.0000  -1.0000
 87  93   6   1  3.96e+000  8.90e+015  7.26e+009  5.21e+008  4.71e+008  1.56e+007   0.007    0.007    0.0000  -1.0000
 88  94   6   1  3.96e+000  8.90e+015  7.26e+009  5.21e+008  4.71e+008  1.56e+007   0.007    0.007    0.0000  -1.0000
 89  95   6   1  3.96e+000  8.90e+015  7.26e+009  5.21e+008  4.71e+008  1.56e+007   0.007    0.007    0.0000  -1.0000
 90  96   4   1  3.96e+000  8.90e+015  7.22e+009  1.53e+008  1.38e+008  4.59e+006   0.012    0.013    0.0000  -1.0000
 91  97  21   1  3.96e+000  8.90e+015  6.30e+009  1.36e+008  1.23e+008  4.07e+006   0.012    0.012    0.0000  -1.0000
 92  98  22   1  3.96e+000  8.90e+015  6.03e+009  4.21e+008  3.81e+008  1.26e+007   0.007    0.007    0.0000  -1.0000
 93  99  22   1  3.96e+000  8.90e+015  6.03e+009  4.21e+008  3.81e+008  1.26e+007   0.007    0.007    0.0000  -1.0000
 94 100  22   1  3.96e+000  8.90e+015  6.03e+009  4.21e+008  3.81e+008  1.26e+007   0.007    0.007    0.0000  -1.0000
 95 101  22   1  3.96e+000  8.90e+015  6.03e+009  4.21e+008  3.81e+008  1.26e+007   0.007    0.007    0.0000  -1.0000
 96 102  21   1  3.96e+000  8.90e+015  6.30e+009  1.36e+008  1.23e+008  4.07e+006   0.012    0.012    0.0000  -1.0000
 97 103   7   1  3.96e+000  8.90e+015  5.51e+009  1.21e+008  1.09e+008  3.62e+006   0.012    0.012    0.0000  -1.0000
 98 104   8   1  3.96e+000  8.90e+015  4.97e+009  3.35e+008  3.03e+008  1.00e+007   0.007    0.007    0.0000  -1.0000
 99 105   8   1  3.96e+000  8.90e+015  4.97e+009  3.35e+008  3.03e+008  1.00e+007   0.007    0.007    0.0000  -1.0000
100 106   8   1  3.96e+000  8.90e+015  4.97e+009  3.35e+008  3.03e+008  1.00e+007   0.007    0.007    0.0000  -1.0000
101 107   8   1  3.96e+000  8.90e+015  4.97e+009  3.35e+008  3.03e+008  1.00e+007   0.007    0.007    0.0000  -1.0000
102 108   7   1  3.96e+000  8.90e+015  5.51e+009  1.21e+008  1.09e+008  3.62e+006   0.012    0.012    0.0000  -1.0000
103 109   7   1  3.96e+000  8.90e+015  5.51e+009  1.21e+008  1.09e+008  3.62e+006   0.012    0.012    0.0000  -1.0000
104 110   8   1  3.96e+000  8.90e+015  4.97e+009  3.35e+008  3.03e+008  1.00e+007   0.007    0.007    0.0000  -1.0000
105 111   8   1  3.96e+000  8.90e+015  4.97e+009  3.35e+008  3.03e+008  1.00e+007   0.007    0.007    0.0000  -1.0000
106 112   8   1  3.96e+000  8.90e+015  4.97e+009  3.35e+008  3.03e+008  1.00e+007   0.007    0.007    0.0000  -1.0000
107 113   8   1  3.96e+000  8.90e+015  4.97e+009  3.35e+008  3.03e+008  1.00e+007   0.007    0.007    0.0000  -1.0000
108 114   7   1  3.96e+000  8.90e+015  5.51e+009  1.21e+008  1.09e+008  3.62e+006   0.012    0.012    0.0000  -1.0000
109 115   7   1  3.96e+000  8.90e+015  5.51e+009  1.21e+008  1.09e+008  3.62e+006   0.012    0.012    0.0000  -1.0000
110 116  23   1  3.96e+000  8.90e+015  4.68e+009  3.13e+008  2.83e+008  9.39e+006   0.007    0.007    0.0000  -1.0000
111 117  23   1  3.96e+000  8.90e+015  4.68e+009  3.13e+008  2.83e+008  9.39e+006   0.007    0.007    0.0000  -1.0000
112 118  23   1  3.96e+000  8.90e+015  4.68e+009  3.13e+008  2.83e+008  9.39e+006   0.007    0.007    0.0000  -1.0000
113 119  23   1  3.96e+000  8.90e+015  4.68e+009  3.13e+008  2.83e+008  9.39e+006   0.007    0.007    0.0000  -1.0000
114 120   7   1  3.96e+000  8.90e+015  5.51e+009  1.21e+008  1.09e+008  3.62e+006   0.012    0.012    0.0000  -1.0000
115 121   7   1  3.96e+000  8.90e+015  5.51e+009  1.21e+008  1.09e+008  3.62e+006   0.012    0.012    0.0000  -1.0000
116 122   9   1  3.96e+000  8.90e+015  4.44e+009  2.95e+008  2.67e+008  8.84e+006   0.007    0.007    0.0000  -1.0000
117 123   9   1  3.96e+000  8.90e+015  4.44e+009  2.95e+008  2.67e+008  8.84e+006   0.007    0.007    0.0000  -1.0000
118 124   9   1  3.96e+000  8.90e+015  4.44e+009  2.95e+008  2.67e+008  8.84e+006   0.007    0.007    0.0000  -1.0000
119 125   9   1  3.96e+000  8.90e+015  4.44e+009  2.95e+008  2.67e+008  8.84e+006   0.007    0.007    0.0000  -1.0000
120 126   7   1  3.96e+000  8.90e+015  5.51e+009  1.21e+008  1.09e+008  3.62e+006   0.012    0.012    0.0000  -1.0000
121 127  24   1  3.96e+000  8.90e+015  4.56e+009  1.01e+008  9.17e+007  3.04e+006   0.012    0.012    0.0000  -1.0000
122 128  25   1  3.96e+000  8.90e+015  3.76e+009  2.42e+008  2.19e+008  7.27e+006   0.007    0.007    0.0000  -1.0000
123 129  25   1  3.96e+000  8.90e+015  3.76e+009  2.42e+008  2.19e+008  7.27e+006   0.007    0.007    0.0000  -1.0000
124 130  25   1  3.96e+000  8.90e+015  3.76e+009  2.42e+008  2.19e+008  7.27e+006   0.007    0.007    0.0000  -1.0000
125 131  25   1  3.96e+000  8.90e+015  3.76e+009  2.42e+008  2.19e+008  7.27e+006   0.007    0.007    0.0000  -1.0000
126 132  24   1  3.96e+000  8.90e+015  4.56e+009  1.01e+008  9.17e+007  3.04e+006   0.012    0.012    0.0000  -1.0000
127 133  10   1  3.96e+000  8.90e+015  3.74e+009  8.46e+007  7.66e+007  2.54e+006   0.012    0.012    0.0000  -1.0000
128 134  11   1  3.96e+000  8.90e+015  3.19e+009  1.97e+008  1.78e+008  5.92e+006   0.007    0.007    0.0000  -1.0000
129 135  11   1  3.96e+000  8.90e+015  3.19e+009  1.97e+008  1.78e+008  5.92e+006   0.007    0.007    0.0000  -1.0000
130 136  11   1  3.96e+000  8.90e+015  3.19e+009  1.97e+008  1.78e+008  5.92e+006   0.007    0.007    0.0000  -1.0000
131 137  11   1  3.96e+000  8.90e+015  3.19e+009  1.97e+008  1.78e+008  5.92e+006   0.007    0.007    0.0000  -1.0000
132 138  10   1  3.96e+000  8.90e+015  3.74e+009  8.46e+007  7.66e+007  2.54e+006   0.012    0.012    0.0000  -1.0000
 13  14  12   2  6.10e+000  8.90e+015  3.75e+009  3.32e+008  2.86e+008  9.96e+006   0.005    0.005    1.0000   0.0000
 14  15  12   2  6.10e+000  8.90e+015  3.75e+009  3.32e+008  2.86e+008  9.96e+006   0.005    0.005    1.0000   0.0000
 15  16  12   2  6.10e+000  8.90e+015  3.75e+009  3.32e+008  2.86e+008  9.96e+006   0.005    0.005    1.0000   0.0000
 16  17  12   2  6.10e+000  8.90e+015  3.75e+009  3.32e+008  2.86e+008  9.96e+006   0.005    0.005    1.0000   0.0000
 17  18  12   2  6.10e+000  8.90e+015  3.75e+009  3.32e+008  2.86e+008  9.96e+006   0.005    0.005    1.0000   0.0000
 19  20  12   2  6.10e+000  8.90e+015  3.75e+009  3.32e+008  2.86e+008  9.96e+006   0.005    0.005    1.0000   0.0000
 20  21  12   2  6.10e+000  8.90e+015  3.75e+009  3.32e+008  2.86e+008  9.96e+006   0.005    0.005    1.0000   0.0000
 21  22  12   2  6.10e+000  8.90e+015  3.75e+009  3.32e+008  2.86e+008  9.96e+006   0.005    0.005    1.0000   0.0000
 22  23  12   2  6.10e+000  8.90e+015  3.75e+009  3.32e+008  2.86e+008  9.96e+006   0.005    0.005    1.0000   0.0000
 23  24  12   2  6.10e+000  8.90e+015  3.75e+009  3.32e+008  2.86e+008  9.96e+006   0.005    0.005    1.0000   0.0000
 25  26  12   2  6.10e+000  8.90e+015  3.75e+009  3.32e+008  2.86e+008  9.96e+006   0.005    0.005    1.0000   0.0000
 26  27  12   2  6.10e+000  8.90e+015  3.75e+009  3.32e+008  2.86e+008  9.96e+006   0.005    0.005    1.0000   0.0000
 27  28  12   2  6.10e+000  8.90e+015  3.75e+009  3.32e+008  2.86e+008  9.96e+006   0.005    0.005    1.0000   0.0000
 28  29  12   2  6.10e+000  8.90e+015  3.75e+009  3.32e+008  2.86e+008  9.96e+006   0.005    0.005    1.0000   0.0000
 29  30  12   2  6.10e+000  8.90e+015  3.75e+009  3.32e+008  2.86e+008  9.96e+006   0.005    0.005    1.0000   0.0000
 31  32  12   2  6.10e+000  8.90e+015  3.75e+009  3.32e+008  2.86e+008  9.96e+006   0.005    0.005    1.0000   0.0000
 32  33  12   2  6.10e+000  8.90e+015  3.75e+009  3.32e+008  2.86e+008  9.96e+006   0.005    0.005    1.0000   0.0000
 33  34  12   2  6.10e+000  8.90e+015  3.75e+009  3.32e+008  2.86e+008  9.96e+006   0.005    0.005    1.0000   0.0000
 34  35  12   2  6.10e+000  8.90e+015  3.75e+009  3.32e+008  2.86e+008  9.96e+006   0.005    0.005    1.0000   0.0000
 35  36  12   2  6.10e+000  8.90e+015  3.75e+009  3.32e+008  2.86e+008  9.96e+006   0.005    0.005    1.0000   0.0000
 37  38  12   2  6.10e+000  8.90e+015  3.75e+009  3.32e+008  2.86e+008  9.96e+006   0.005    0.005    1.0000   0.0000
 38  39  12   2  6.10e+000  8.90e+015  3.75e+009  3.32e+008  2.86e+008  9.96e+006   0.005    0.005    1.0000   0.0000
 39  40  12   2  6.10e+000  8.90e+015  3.75e+009  3.32e+008  2.86e+008  9.96e+006   0.005    0.005    1.0000   0.0000
 40  41  12   2  6.10e+000  8.90e+015  3.75e+009  3.32e+008  2.86e+008  9.96e+006   0.005    0.005    1.0000   0.0000
 41  42  12   2  6.10e+000  8.90e+015  3.75e+009  3.32e+008  2.86e+008  9.96e+006   0.005    0.005    1.0000   0.0000
 43  44  13   2  6.10e+000  8.90e+015  4.09e+009  3.72e+008  3.54e+008  1.12e+007   0.005    0.005    1.0000   0.0000
 44  45  13   2  6.10e+000  8.90e+015  4.09e+009  3.72e+008  3.54e+008  1.12e+007   0.005    0.005    1.0000   0.0000
 45  46  13   2  6.10e+000  8.90e+015  4.09e+009  3.72e+008  3.54e+008  1.12e+007   0.005    0.005    1.0000   0.0000
 46  47  13   2  6.10e+000  8.90e+015  4.09e+009  3.72e+008  3.54e+008  1.12e+007   0.005    0.005    1.0000   0.0000
 47  48  13   2  6.10e+000  8.90e+015  4.09e+009  3.72e+008  3.54e+008  1.12e+007   0.005    0.005    1.0000   0.0000
 49  50  13   2  6.10e+000  8.90e+015  4.09e+009  3.72e+008  3.54e+008  1.12e+007   0.005    0.005    1.0000   0.0000
 50  51  13   2  6.10e+000  8.90e+015  4.09e+009  3.72e+008  3.54e+008  1.12e+007   0.005    0.005    1.0000   0.0000
 51  52  13   2  6.10e+000  8.90e+015  4.09e+009  3.72e+008  3.54e+008  1.12e+007   0.005    0.005    1.0000   0.0000
 52  53  13   2  6.10e+000  8.90e+015  4.09e+009  3.72e+008  3.54e+008  1.12e+007   0.005    0.005    1.0000   0.0000
 53  54  13   2  6.10e+000  8.90e+015  4.09e+009  3.72e+008  3.54e+008  1.12e+007   0.005    0.005    1.0000   0.0000
 55  56  13   2  6.10e+000  8.90e+015  4.09e+009  3.72e+008  3.54e+008  1.12e+007   0.005    0.005    1.0000   0.0000
 56  57  13   2  6.10e+000  8.90e+015  4.09e+009  3.72e+008  3.54e+008  1.12e+007   0.005    0.005    1.0000   0.0000
 57  58  13   2  6.10e+000  8.90e+015  4.09e+009  3.72e+008  3.54e+008  1.12e+007   0.005    0.005    1.0000   0.0000
 58  59  13   2  6.10e+000  8.90e+015  4.09e+009  3.72e+008  3.54e+008  1.12e+007   0.005    0.005    1.0000   0.0000
 59  60  13   2  6.10e+000  8.90e+015  4.09e+009  3.72e+008  3.54e+008  1.12e+007   0.005    0.005    1.0000   0.0000
 61  62  13   2  6.10e+000  8.90e+015  4.09e+009  3.72e+008  3.54e+008  1.12e+007   0.005    0.005    1.0000   0.0000
 62  63  13   2  6.10e+000  8.90e+015  4.09e+009  3.72e+008  3.54e+008  1.12e+007   0.005    0.005    1.0000   0.0000
 63  64  13   2  6.10e+000  8.90e+015  4.09e+009  3.72e+008  3.54e+008  1.12e+007   0.005    0.005    1.0000   0.0000
 64  65  13   2  6.10e+000  8.90e+015  4.09e+009  3.72e+008  3.54e+008  1.12e+007   0.005    0.005    1.0000   0.0000
 65  66  13   2  6.10e+000  8.90e+015  4.09e+009  3.72e+008  3.54e+008  1.12e+007   0.005    0.005    1.0000   0.0000
 67  68  13   2  6.10e+000  8.90e+015  4.09e+009  3.72e+008  3.54e+008  1.12e+007   0.005    0.005    1.0000   0.0000
 68  69  13   2  6.10e+000  8.90e+015  4.09e+009  3.72e+008  3.54e+008  1.12e+007   0.005    0.005    1.0000   0.0000
 69  70  13   2  6.10e+000  8.90e+015  4.09e+009  3.72e+008  3.54e+008  1.12e+007   0.005    0.005    1.0000   0.0000
 70  71  13   2  6.10e+000  8.90e+015  4.09e+009  3.72e+008  3.54e+008  1.12e+007   0.005    0.005    1.0000   0.0000
 71  72  13   2  6.10e+000  8.90e+015  4.09e+009  3.72e+008  3.54e+008  1.12e+007   0.005    0.005    1.0000   0.0000
 73  74  13   2  6.10e+000  8.90e+015  4.09e+009  3.72e+008  3.54e+008  1.12e+007   0.005    0.005    1.0000   0.0000
 74  75  13   2  6.10e+000  8.90e+015  4.09e+009  3.72e+008  3.54e+008  1.12e+007   0.005    0.005    1.0000   0.0000
 75  76  13   2  6.10e+000  8.90e+015  4.09e+009  3.72e+008  3.54e+008  1.12e+007   0.005    0.005    1.0000   0.0000
 76  77  13   2  6.10e+000  8.90e+015  4.09e+009  3.72e+008  3.54e+008  1.12e+007   0.005    0.005    1.0000   0.0000
 77  78  13   2  6.10e+000  8.90e+015  4.09e+009  3.72e+008  3.54e+008  1.12e+007   0.005    0.005    1.0000   0.0000
 79  80  12   2  6.10e+000  8.90e+015  3.75e+009  3.32e+008  2.86e+008  9.96e+006   0.005    0.005    1.0000   0.0000
 80  81  12   2  6.10e+000  8.90e+015  3.75e+009  3.32e+008  2.86e+008  9.96e+006   0.005    0.005    1.0000   0.0000
 81  82  12   2  6.10e+000  8.90e+015  3.75e+009  3.32e+008  2.86e+008  9.96e+006   0.005    0.005    1.0000   0.0000
 82  83  12   2  6.10e+000  8.90e+015  3.75e+009  3.32e+008  2.86e+008  9.96e+006   0.005    0.005    1.0000   0.0000
 83  84  12   2  6.10e+000  8.90e+015  3.75e+009  3.32e+008  2.86e+008  9.96e+006   0.005    0.005    1.0000   0.0000
 85  86  12   2  6.10e+000  8.90e+015  3.75e+009  3.32e+008  2.86e+008  9.96e+006   0.005    0.005    1.0000   0.0000
 86  87  12   2  6.10e+000  8.90e+015  3.75e+009  3.32e+008  2.86e+008  9.96e+006   0.005    0.005    1.0000   0.0000
 87  88  12   2  6.10e+000  8.90e+015  3.75e+009  3.32e+008  2.86e+008  9.96e+006   0.005    0.005    1.0000   0.0000
 88  89  12   2  6.10e+000  8.90e+015  3.75e+009  3.32e+008  2.86e+008  9.96e+006   0.005    0.005    1.0000   0.0000
 89  90  12   2  6.10e+000  8.90e+015  3.75e+009  3.32e+008  2.86e+008  9.96e+006   0.005    0.005    1.0000   0.0000
 91  92  12   2  6.10e+000  8.90e+015  3.75e+009  3.32e+008  2.86e+008  9.96e+006   0.005    0.005    1.0000   0.0000
 92  93  12   2  6.10e+000  8.90e+015  3.75e+009  3.32e+008  2.86e+008  9.96e+006   0.005    0.005    1.0000   0.0000
 93  94  12   2  6.10e+000  8.90e+015  3.75e+009  3.32e+008  2.86e+008  9.96e+006   0.005    0.005    1.0000   0.0000
 94  95  12   2  6.10e+000  8.90e+015  3.75e+009  3.32e+008  2.86e+008  9.96e+006   0.005    0.005    1.0000   0.0000
 95  96  12   2  6.10e+000  8.90e+015  3.75e+009  3.32e+008  2.86e+008  9.96e+006   0.005    0.005    1.0000   0.0000
 97  98   8   2  6.10e+000  8.90e+015  4.97e+009  3.35e+008  3.03e+008  1.00e+007   0.007    0.007    1.0000   0.0000
 98  99   8   2  6.10e+000  8.90e+015  4.97e+009  3.35e+008  3.03e+008  1.00e+007   0.007    0.007    1.0000   0.0000
 99 100   8   2  6.10e+000  8.90e+015  4.97e+009  3.35e+008  3.03e+008  1.00e+007   0.007    0.007    1.0000   0.0000
100 101   8   2  6.10e+000  8.90e+015  4.97e+009  3.35e+008  3.03e+008  1.00e+007   0.007    0.007    1.0000   0.0000
101 102   8   2  6.10e+000  8.90e+015  4.97e+009  3.35e+008  3.03e+008  1.00e+007   0.007    0.007    1.0000   0.0000
103 104   8   2  6.10e+000  8.90e+015  4.97e+009  3.35e+008  3.03e+008  1.00e+007   0.007    0.007    1.0000   0.0000
104 105   8   2  6.10e+000  8.90e+015  4.97e+009  3.35e+008  3.03e+008  1.00e+007   0.007    0.007    1.0000   0.0000
105 106   8   2  6.10e+000  8.90e+015  4.97e+009  3.35e+008  3.03e+008  1.00e+007   0.007    0.007    1.0000   0.0000
106 107   8   2  6.10e+000  8.90e+015  4.97e+009  3.35e+008  3.03e+008  1.00e+007   0.007    0.007    1.0000   0.0000
107 108   8   2  6.10e+000  8.90e+015  4.97e+009  3.35e+008  3.03e+008  1.00e+007   0.007    0.007    1.0000   0.0000
109 110   8   2  6.10e+000  8.90e+015  4.97e+009  3.35e+008  3.03e+008  1.00e+007   0.007    0.007    1.0000   0.0000
110 111   8   2  6.10e+000  8.90e+015  4.97e+009  3.35e+008  3.03e+008  1.00e+007   0.007    0.007    1.0000   0.0000
111 112   8   2  6.10e+000  8.90e+015  4.97e+009  3.35e+008  3.03e+008  1.00e+007   0.007    0.007    1.0000   0.0000
112 113   8   2  6.10e+000  8.90e+015  4.97e+009  3.35e+008  3.03e+008  1.00e+007   0.007    0.007    1.0000   0.0000
113 114   8   2  6.10e+000  8.90e+015  4.97e+009  3.35e+008  3.03e+008  1.00e+007   0.007    0.007    1.0000   0.0000
115 116  14   2  6.10e+000  8.90e+015  3.20e+009  2.37e+008  2.22e+008  7.12e+006   0.005    0.006    1.0000   0.0000
116 117  14   2  6.10e+000  8.90e+015  3.20e+009  2.37e+008  2.22e+008  7.12e+006   0.005    0.006    1.0000   0.0000
117 118  14   2  6.10e+000  8.90e+015  3.20e+009  2.37e+008  2.22e+008  7.12e+006   0.005    0.006    1.0000   0.0000
118 119  14   2  6.10e+000  8.90e+015  3.20e+009  2.37e+008  2.22e+008  7.12e+006   0.005    0.006    1.0000   0.0000
119 120  14   2  6.10e+000  8.90e+015  3.20e+009  2.37e+008  2.22e+008  7.12e+006   0.005    0.006    1.0000   0.0000
121 122  14   2  6.10e+000  8.90e+015  3.20e+009  2.37e+008  2.22e+008  7.12e+006   0.005    0.006    1.0000   0.0000
122 123  14   2  6.10e+000  8.90e+015  3.20e+009  2.37e+008  2.22e+008  7.12e+006   0.005    0.006    1.0000   0.0000
123 124  14   2  6.10e+000  8.90e+015  3.20e+009  2.37e+008  2.22e+008  7.12e+006   0.005    0.006    1.0000   0.0000
124 125  14   2  6.10e+000  8.90e+015  3.20e+009  2.37e+008  2.22e+008  7.12e+006   0.005    0.006    1.0000   0.0000
125 126  14   2  6.10e+000  8.90e+015  3.20e+009  2.37e+008  2.22e+008  7.12e+006   0.005    0.006    1.0000   0.0000
127 128  15   2  6.10e+000  8.90e+015  2.35e+009  1.29e+008  1.24e+008  3.87e+006   0.006    0.007    1.0000   0.0000
128 129  15   2  6.10e+000  8.90e+015  2.35e+009  1.29e+008  1.24e+008  3.87e+006   0.006    0.007    1.0000   0.0000
129 130  15   2  6.10e+000  8.90e+015  2.35e+009  1.29e+008  1.24e+008  3.87e+006   0.006    0.007    1.0000   0.0000
130 131  15   2  6.10e+000  8.90e+015  2.35e+009  1.29e+008  1.24e+008  3.87e+006   0.006    0.007    1.0000   0.0000
131 132  15   2  6.10e+000  8.90e+015  2.35e+009  1.29e+008  1.24e+008  3.87e+006   0.006    0.007    1.0000   0.0000
133 134  16   2  6.10e+000  8.90e+015  1.90e+009  8.19e+007  7.15e+007  2.46e+006   0.007    0.007    1.0000   0.0000
134 135  16   2  6.10e+000  8.90e+015  1.90e+009  8.19e+007  7.15e+007  2.46e+006   0.007    0.007    1.0000   0.0000
135 136  16   2  6.10e+000  8.90e+015  1.90e+009  8.19e+007  7.15e+007  2.46e+006   0.007    0.007    1.0000   0.0000
136 137  16   2  6.10e+000  8.90e+015  1.90e+009  8.19e+007  7.15e+007  2.46e+006   0.007    0.007    1.0000   0.0000
137 138  16   2  6.10e+000  8.90e+015  1.90e+009  8.19e+007  7.15e+007  2.46e+006   0.007    0.007    1.0000   0.0000

    3     6     9    12    15    18    19    20    21    22    23    24    25    26    27    28    29    30    31    32    33    34    35    36    38    39    41    42    44    45    47    48    50    51    53    54    55    56    57    58    59    60    61    62    63    64    65    66    67    68    69    70    71    72    73    74    75    76    77    78    79    80    81    82    83    84    85    86    87    88    89    90    91    92    93    94    95    96    97    98    99   100   101   102   103   104   105   106   107   108   109   110   111   112   113   114   115   116   117   118   119   120   121   122   123   124   125   126   127   128   129   130   131   132   133   134   135   136   137   138   139   140   141   142   143   144   145   146   147   148   149   150   151   152   153   154   155   156   157   158   159   160   161   162   163   164   165   166   167   168   169   170   171   172   173   174   175   176   177   178   179   180   181   182   183   184   185   186   187   188   189   190   191   192   193   194   195   196   197   198   199   200   201   202   203   204   205   206   207   208   209   210   211   212   213   214   215   216   217   218   219   220   221   222   223   224   225   226   227   228   229   230   231   232   233   234   235   236   237   238   239   240   241   242   243   244   245   246   247   248   249   250   251   252   253   254   255   256   257   258   259   260   261   262   263   264   265   266   267   268   269   270   271   272   273   274   275   276   277   278   279   280   281   282   283   284   285   286   287   288   289   290   291   292   293   294   295   296   297   298   299   300   301   302   303   304   305   306   307   308   309   310   311   312   313   314   315   316   317   318   319   320   321   322   323   324   325   326   327   328   329   330   331   332   333   334   335   336   337   338   339   340   341   342   343   344   345   346   347   348   349   350   351   352   353   354   355   356   357   358   359   360   361   362   363   364   365   366   367   368   369   370   371   372   373   374   375   376   377   378   379   380   381   382   383   384   385   386   387   388   389   390   391   392   393   394   395   396   397   398   399   400   401   402   403   404   405   406   407   408   409   410   411   412   413   414     1     2     4     5     7     8    10    11    13    14    16    17    37    40    43    46    49    52 
    1     2     3     4     5     6    11     7     8    11     9    10    11    12    13    11    14    15    11    16    17    11    18    19    20    21    22    23    24    25    26    27    28    29    30    31    36    32    33    36    34    35    36    37    38    36    39    40    36    41    42    36    43    44    49    45    46    49    47    48    49    50    51    49    52    53    49    54    55    49    56    57    62    58    59    62    60    61    62    63    64    62    65    66    62    67    68    62    69    70    75    71    72    75    73    74    75    76    77    75    78    79    75    80    81    75    82    83    88    84    85    88    86    87    88    89    90    88    91    92    88    93    94    88    95    96   101    97    98   101    99   100   101   102   103   101   104   105   101   106   107   101   108   109   114   110   111   114   112   113   114   115   116   114   117   118   114   119   120   114   121   122   127   123   124   127   125   126   127   128   129   127   130   131   127   132   133   127   134   135   140   136   137   140   138   139   140   141   142   140   143   144   140   145   146   140   147   148   153   149   150   153   151   152   153   154   155   153   156   157   153   158   159   153   160   161   166   162   163   166   164   165   166   167   168   166   169   170   166   171   172   166   173   174   179   175   176   179   177   178   179   180   181   179   182   183   179   184   185   179   186   187   192   188   189   192   190   191   192   193   194   192   195   196   192   197   198   192   199   200   205   201   202   205   203   204   205   206   207   205   208   209   205   210   211   205   212   213   218   214   215   218   216   217   218   219   220   218   221   222   218   223   224   218   225   226   231   227   228   231   229   230   231   232   233   231   234   235   231   236   237   231   238   239   244   240   241   244   242   243   244   245   246   244   247   248   244   249   250   244   251   252   257   253   254   257   255   256   257   258   259   257   260   261   257   262   263   257   264   265   270   266   267   270   268   269   270   271   272   270   273   274   270   275   276   270   277   278   283   279   280   283   281   282   283   284   285   283   286   287   283   288   289   283   290   291 


     --- Sensor Position ---
    No.   Node      Dir     Num_DOF
     1      37        1      108        1
     2      61        1      180        1
     3      85        1      252        1
     4     109        1      324        1
     5     133        1      396        1


     --- Observation Point ---
    No.   Node      Dir     Num_DOF
     1      19        1       54        1
     2      19        1       54        2
     3      19        1       54        3
     4      25        1       72        1
     5      25        1       72        2
     6      25        1       72        3
     7      31        1       90        1
     8      31        1       90        2
     9      31        1       90        3
    10      37        1      108        1
    11      37        1      108        2
    12      37        1      108        3
    13      43        1      126        1
    14      43        1      126        2
    15      43        1      126        3
    16      49        1      144        1
    17      49        1      144        2
    18      49        1      144        3
    19      55        1      162        1
    20      55        1      162        2
    21      55        1      162        3
    22      61        1      180        1
    23      61        1      180        2
    24      61        1      180        3
    25      67        1      198        1
    26      67        1      198        2
    27      67        1      198        3
    28      73        1      216        1
    29      73        1      216        2
    30      73        1      216        3
    31      79        1      234        1
    32      79        1      234        2
    33      79        1      234        3
    34      85        1      252        1
    35      85        1      252        2
    36      85        1      252        3
    37      91        1      270        1
    38      91        1      270        2
    39      91        1      270        3
    40      97        1      288        1
    41      97        1      288        2
    42      97        1      288        3
    43     103        1      306        1
    44     103        1      306        2
    45     103        1      306        3
    46     109        1      324        1
    47     109        1      324        2
    48     109        1      324        3
    49     115        1      342        1
    50     115        1      342        2
    51     115        1      342        3
    52     121        1      360        1
    53     121        1      360        2
    54     121        1      360        3
    55     127        1      378        1
    56     127        1      378        2
    57     127        1      378        3
    58     133        1      396        1
    59     133        1      396        2
    60     133        1      396        3


     --- Control Device Position ---
    No.    Node      Dir   Component Num_DOF
     1      19        1        3       54
     2      25        1        3       72
     3      31        1        3       90
     4      37        1        3      108
     5      43        1        3      126
     6      49        1        3      144
     7      55        1        3      162
     8      61        1        3      180
     9      67        1        3      198
    10      73        1        3      216
    11      79        1        3      234
    12      85        1        3      252
    13      91        1        3      270
    14      97        1        3      288
    15     103        1        3      306
    16     109        1        3      324
    17     115        1        3      342
    18     121        1        3      360
    19     127        1        3      378
    20     133        1        3      396
    21      19        1        2       54
    22      25        1        2       72
    23      31        1        2       90
    24      37        1        2      108
    25      43        1        2      126
    26      49        1        2      144
    27      55        1        2      162
    28      61        1        2      180
    29      67        1        2      198
    30      73        1        2      216
    31      79        1        2      234
    32      85        1        2      252
    33      91        1        2      270
    34      97        1        2      288
    35     103        1        2      306
    36     109        1        2      324
    37     115        1        2      342
    38     121        1        2      360
    39     127        1        2      378
    40     133        1        2      396


     --- Location of Control Forces ---
    No.   Node      Dir     Num_DOF
     1      19        1       54
     2      19        1       54
     3      25        1       72
     4      25        1       72
     5      31        1       90
     6      31        1       90
     7      37        1      108
     8      37        1      108
     9      43        1      126
    10      43        1      126
    11      49        1      144
    12      49        1      144
    13      55        1      162
    14      55        1      162
    15      61        1      180
    16      61        1      180
    17      67        1      198
    18      67        1      198
    19      73        1      216
    20      73        1      216
    21      79        1      234
    22      79        1      234
    23      85        1      252
    24      85        1      252
    25      91        1      270
    26      91        1      270
    27      97        1      288
    28      97        1      288
    29     103        1      306
    30     103        1      306
    31     109        1      324
    32     109        1      324
    33     115        1      342
    34     115        1      342
    35     121        1      360
    36     121        1      360
    37     127        1      378
    38     127        1      378
    39     133        1      396
